C:\Program Files\MAXON\CINEMA 4D R13\plugins\dataexplorer\obj\_api\Win32_Debug\cl.command.1.tlog
C:\Program Files\MAXON\CINEMA 4D R13\plugins\dataexplorer\obj\_api\Win32_Debug\CL.read.1.tlog
C:\Program Files\MAXON\CINEMA 4D R13\plugins\dataexplorer\obj\_api\Win32_Debug\CL.write.1.tlog
C:\Program Files\MAXON\CINEMA 4D R13\plugins\dataexplorer\obj\_api\Win32_Debug\lib.command.1.tlog
C:\Program Files\MAXON\CINEMA 4D R13\plugins\dataexplorer\obj\_api\Win32_Debug\Lib-link.read.1.tlog
C:\Program Files\MAXON\CINEMA 4D R13\plugins\dataexplorer\obj\_api\Win32_Debug\Lib-link.write.1.tlog
C:\PROGRAM FILES\MAXON\CINEMA 4D R13\PLUGINS\DATAEXPLORER\OBJ\_API\WIN32_DEBUG\OBJ\C4D_BASEBITMAP.OBJ
C:\PROGRAM FILES\MAXON\CINEMA 4D R13\PLUGINS\DATAEXPLORER\OBJ\_API\WIN32_DEBUG\OBJ\C4D_BASECHANNEL.OBJ
C:\PROGRAM FILES\MAXON\CINEMA 4D R13\PLUGINS\DATAEXPLORER\OBJ\_API\WIN32_DEBUG\OBJ\C4D_BASECONTAINER.OBJ
C:\PROGRAM FILES\MAXON\CINEMA 4D R13\PLUGINS\DATAEXPLORER\OBJ\_API\WIN32_DEBUG\OBJ\C4D_BASEDOCUMENT.OBJ
C:\PROGRAM FILES\MAXON\CINEMA 4D R13\PLUGINS\DATAEXPLORER\OBJ\_API\WIN32_DEBUG\OBJ\C4D_BASEDRAW.OBJ
C:\PROGRAM FILES\MAXON\CINEMA 4D R13\PLUGINS\DATAEXPLORER\OBJ\_API\WIN32_DEBUG\OBJ\C4D_BASEEFFECTORPLUGIN.OBJ
C:\PROGRAM FILES\MAXON\CINEMA 4D R13\PLUGINS\DATAEXPLORER\OBJ\_API\WIN32_DEBUG\OBJ\C4D_BASELIST.OBJ
C:\PROGRAM FILES\MAXON\CINEMA 4D R13\PLUGINS\DATAEXPLORER\OBJ\_API\WIN32_DEBUG\OBJ\C4D_BASEMATERIAL.OBJ
C:\PROGRAM FILES\MAXON\CINEMA 4D R13\PLUGINS\DATAEXPLORER\OBJ\_API\WIN32_DEBUG\OBJ\C4D_BASEOBJECT.OBJ
C:\PROGRAM FILES\MAXON\CINEMA 4D R13\PLUGINS\DATAEXPLORER\OBJ\_API\WIN32_DEBUG\OBJ\C4D_BASEPLUGIN.OBJ
C:\PROGRAM FILES\MAXON\CINEMA 4D R13\PLUGINS\DATAEXPLORER\OBJ\_API\WIN32_DEBUG\OBJ\C4D_BASESELECT.OBJ
C:\PROGRAM FILES\MAXON\CINEMA 4D R13\PLUGINS\DATAEXPLORER\OBJ\_API\WIN32_DEBUG\OBJ\C4D_BASESOUND.OBJ
C:\PROGRAM FILES\MAXON\CINEMA 4D R13\PLUGINS\DATAEXPLORER\OBJ\_API\WIN32_DEBUG\OBJ\C4D_BASETAG.OBJ
C:\PROGRAM FILES\MAXON\CINEMA 4D R13\PLUGINS\DATAEXPLORER\OBJ\_API\WIN32_DEBUG\OBJ\C4D_BASETIME.OBJ
C:\PROGRAM FILES\MAXON\CINEMA 4D R13\PLUGINS\DATAEXPLORER\OBJ\_API\WIN32_DEBUG\OBJ\C4D_BITMAPFILTER.OBJ
C:\PROGRAM FILES\MAXON\CINEMA 4D R13\PLUGINS\DATAEXPLORER\OBJ\_API\WIN32_DEBUG\OBJ\C4D_CANIMATION.OBJ
C:\PROGRAM FILES\MAXON\CINEMA 4D R13\PLUGINS\DATAEXPLORER\OBJ\_API\WIN32_DEBUG\OBJ\C4D_COFFEE.OBJ
C:\PROGRAM FILES\MAXON\CINEMA 4D R13\PLUGINS\DATAEXPLORER\OBJ\_API\WIN32_DEBUG\OBJ\C4D_COMMANDPLUGIN.OBJ
C:\PROGRAM FILES\MAXON\CINEMA 4D R13\PLUGINS\DATAEXPLORER\OBJ\_API\WIN32_DEBUG\OBJ\C4D_CTRACKPLUGIN.OBJ
C:\PROGRAM FILES\MAXON\CINEMA 4D R13\PLUGINS\DATAEXPLORER\OBJ\_API\WIN32_DEBUG\OBJ\C4D_CUSTOMDATATYPE.OBJ
C:\PROGRAM FILES\MAXON\CINEMA 4D R13\PLUGINS\DATAEXPLORER\OBJ\_API\WIN32_DEBUG\OBJ\C4D_CUSTOMDATATYPEPLUGIN.OBJ
C:\PROGRAM FILES\MAXON\CINEMA 4D R13\PLUGINS\DATAEXPLORER\OBJ\_API\WIN32_DEBUG\OBJ\C4D_CUSTOMGUIDATA.OBJ
C:\PROGRAM FILES\MAXON\CINEMA 4D R13\PLUGINS\DATAEXPLORER\OBJ\_API\WIN32_DEBUG\OBJ\C4D_CUSTOMGUIPLUGIN.OBJ
C:\PROGRAM FILES\MAXON\CINEMA 4D R13\PLUGINS\DATAEXPLORER\OBJ\_API\WIN32_DEBUG\OBJ\C4D_DESCRIPTIONDIALOG.OBJ
C:\PROGRAM FILES\MAXON\CINEMA 4D R13\PLUGINS\DATAEXPLORER\OBJ\_API\WIN32_DEBUG\OBJ\C4D_FALLOFFPLUGIN.OBJ
C:\PROGRAM FILES\MAXON\CINEMA 4D R13\PLUGINS\DATAEXPLORER\OBJ\_API\WIN32_DEBUG\OBJ\C4D_FILE.OBJ
C:\PROGRAM FILES\MAXON\CINEMA 4D R13\PLUGINS\DATAEXPLORER\OBJ\_API\WIN32_DEBUG\OBJ\C4D_FILTERPLUGIN.OBJ
C:\PROGRAM FILES\MAXON\CINEMA 4D R13\PLUGINS\DATAEXPLORER\OBJ\_API\WIN32_DEBUG\OBJ\C4D_GEDATA.OBJ
C:\PROGRAM FILES\MAXON\CINEMA 4D R13\PLUGINS\DATAEXPLORER\OBJ\_API\WIN32_DEBUG\OBJ\C4D_GENERAL.OBJ
C:\PROGRAM FILES\MAXON\CINEMA 4D R13\PLUGINS\DATAEXPLORER\OBJ\_API\WIN32_DEBUG\OBJ\C4D_GL.OBJ
C:\PROGRAM FILES\MAXON\CINEMA 4D R13\PLUGINS\DATAEXPLORER\OBJ\_API\WIN32_DEBUG\OBJ\C4D_GRAPHVIEW.OBJ
C:\PROGRAM FILES\MAXON\CINEMA 4D R13\PLUGINS\DATAEXPLORER\OBJ\_API\WIN32_DEBUG\OBJ\C4D_GUI.OBJ
C:\PROGRAM FILES\MAXON\CINEMA 4D R13\PLUGINS\DATAEXPLORER\OBJ\_API\WIN32_DEBUG\OBJ\C4D_LIBRARY.OBJ
C:\PROGRAM FILES\MAXON\CINEMA 4D R13\PLUGINS\DATAEXPLORER\OBJ\_API\WIN32_DEBUG\OBJ\C4D_LISTVIEW.OBJ
C:\PROGRAM FILES\MAXON\CINEMA 4D R13\PLUGINS\DATAEXPLORER\OBJ\_API\WIN32_DEBUG\OBJ\C4D_MATERIALPLUGIN.OBJ
C:\PROGRAM FILES\MAXON\CINEMA 4D R13\PLUGINS\DATAEXPLORER\OBJ\_API\WIN32_DEBUG\OBJ\C4D_MEMORY.OBJ
C:\PROGRAM FILES\MAXON\CINEMA 4D R13\PLUGINS\DATAEXPLORER\OBJ\_API\WIN32_DEBUG\OBJ\C4D_MESSAGEPLUGIN.OBJ
C:\PROGRAM FILES\MAXON\CINEMA 4D R13\PLUGINS\DATAEXPLORER\OBJ\_API\WIN32_DEBUG\OBJ\C4D_NODEPLUGIN.OBJ
C:\PROGRAM FILES\MAXON\CINEMA 4D R13\PLUGINS\DATAEXPLORER\OBJ\_API\WIN32_DEBUG\OBJ\C4D_OBJECTPLUGIN.OBJ
C:\PROGRAM FILES\MAXON\CINEMA 4D R13\PLUGINS\DATAEXPLORER\OBJ\_API\WIN32_DEBUG\OBJ\C4D_OMP.OBJ
C:\PROGRAM FILES\MAXON\CINEMA 4D R13\PLUGINS\DATAEXPLORER\OBJ\_API\WIN32_DEBUG\OBJ\C4D_OPERATORPLUGIN.OBJ
C:\PROGRAM FILES\MAXON\CINEMA 4D R13\PLUGINS\DATAEXPLORER\OBJ\_API\WIN32_DEBUG\OBJ\C4D_PAINTER.OBJ
C:\PROGRAM FILES\MAXON\CINEMA 4D R13\PLUGINS\DATAEXPLORER\OBJ\_API\WIN32_DEBUG\OBJ\C4D_PARTICLEOBJECT.OBJ
C:\PROGRAM FILES\MAXON\CINEMA 4D R13\PLUGINS\DATAEXPLORER\OBJ\_API\WIN32_DEBUG\OBJ\C4D_PARTICLES.OBJ
C:\PROGRAM FILES\MAXON\CINEMA 4D R13\PLUGINS\DATAEXPLORER\OBJ\_API\WIN32_DEBUG\OBJ\C4D_PMAIN.OBJ
C:\PROGRAM FILES\MAXON\CINEMA 4D R13\PLUGINS\DATAEXPLORER\OBJ\_API\WIN32_DEBUG\OBJ\C4D_QUATERNION.OBJ
C:\PROGRAM FILES\MAXON\CINEMA 4D R13\PLUGINS\DATAEXPLORER\OBJ\_API\WIN32_DEBUG\OBJ\C4D_RESOURCE.OBJ
C:\PROGRAM FILES\MAXON\CINEMA 4D R13\PLUGINS\DATAEXPLORER\OBJ\_API\WIN32_DEBUG\OBJ\C4D_SCENEHOOKPLUGIN.OBJ
C:\PROGRAM FILES\MAXON\CINEMA 4D R13\PLUGINS\DATAEXPLORER\OBJ\_API\WIN32_DEBUG\OBJ\C4D_SHADERPLUGIN.OBJ
C:\PROGRAM FILES\MAXON\CINEMA 4D R13\PLUGINS\DATAEXPLORER\OBJ\_API\WIN32_DEBUG\OBJ\C4D_STRING.OBJ
C:\PROGRAM FILES\MAXON\CINEMA 4D R13\PLUGINS\DATAEXPLORER\OBJ\_API\WIN32_DEBUG\OBJ\C4D_TAGPLUGIN.OBJ
C:\PROGRAM FILES\MAXON\CINEMA 4D R13\PLUGINS\DATAEXPLORER\OBJ\_API\WIN32_DEBUG\OBJ\C4D_THREAD.OBJ
C:\PROGRAM FILES\MAXON\CINEMA 4D R13\PLUGINS\DATAEXPLORER\OBJ\_API\WIN32_DEBUG\OBJ\C4D_THREAD_KEYS.OBJ
C:\PROGRAM FILES\MAXON\CINEMA 4D R13\PLUGINS\DATAEXPLORER\OBJ\_API\WIN32_DEBUG\OBJ\C4D_TOOLPLUGIN.OBJ
C:\PROGRAM FILES\MAXON\CINEMA 4D R13\PLUGINS\DATAEXPLORER\OBJ\_API\WIN32_DEBUG\OBJ\C4D_TOOLS.OBJ
C:\PROGRAM FILES\MAXON\CINEMA 4D R13\PLUGINS\DATAEXPLORER\OBJ\_API\WIN32_DEBUG\OBJ\C4D_VIDEOPOST.OBJ
C:\PROGRAM FILES\MAXON\CINEMA 4D R13\PLUGINS\DATAEXPLORER\OBJ\_API\WIN32_DEBUG\OBJ\C4D_VIDEOPOSTPLUGIN.OBJ
C:\PROGRAM FILES\MAXON\CINEMA 4D R13\PLUGINS\DATAEXPLORER\OBJ\_API\WIN32_DEBUG\OBJ\CUSTOMGUI_BASE.OBJ
C:\PROGRAM FILES\MAXON\CINEMA 4D R13\PLUGINS\DATAEXPLORER\OBJ\_API\WIN32_DEBUG\OBJ\CUSTOMGUI_BITMAPBUTTON.OBJ
C:\PROGRAM FILES\MAXON\CINEMA 4D R13\PLUGINS\DATAEXPLORER\OBJ\_API\WIN32_DEBUG\OBJ\CUSTOMGUI_DATETIME.OBJ
C:\PROGRAM FILES\MAXON\CINEMA 4D R13\PLUGINS\DATAEXPLORER\OBJ\_API\WIN32_DEBUG\OBJ\CUSTOMGUI_DESCPROPERTY.OBJ
C:\PROGRAM FILES\MAXON\CINEMA 4D R13\PLUGINS\DATAEXPLORER\OBJ\_API\WIN32_DEBUG\OBJ\CUSTOMGUI_DESCRIPTION.OBJ
C:\PROGRAM FILES\MAXON\CINEMA 4D R13\PLUGINS\DATAEXPLORER\OBJ\_API\WIN32_DEBUG\OBJ\CUSTOMGUI_FONTCHOOSER.OBJ
C:\PROGRAM FILES\MAXON\CINEMA 4D R13\PLUGINS\DATAEXPLORER\OBJ\_API\WIN32_DEBUG\OBJ\CUSTOMGUI_GRADIENT.OBJ
C:\PROGRAM FILES\MAXON\CINEMA 4D R13\PLUGINS\DATAEXPLORER\OBJ\_API\WIN32_DEBUG\OBJ\CUSTOMGUI_HTMLVIEWER.OBJ
C:\PROGRAM FILES\MAXON\CINEMA 4D R13\PLUGINS\DATAEXPLORER\OBJ\_API\WIN32_DEBUG\OBJ\CUSTOMGUI_HYPERLINK.OBJ
C:\PROGRAM FILES\MAXON\CINEMA 4D R13\PLUGINS\DATAEXPLORER\OBJ\_API\WIN32_DEBUG\OBJ\CUSTOMGUI_INEXCLUDE.OBJ
C:\PROGRAM FILES\MAXON\CINEMA 4D R13\PLUGINS\DATAEXPLORER\OBJ\_API\WIN32_DEBUG\OBJ\CUSTOMGUI_LINKBOX.OBJ
C:\PROGRAM FILES\MAXON\CINEMA 4D R13\PLUGINS\DATAEXPLORER\OBJ\_API\WIN32_DEBUG\OBJ\CUSTOMGUI_LISTVIEW.OBJ
C:\PROGRAM FILES\MAXON\CINEMA 4D R13\PLUGINS\DATAEXPLORER\OBJ\_API\WIN32_DEBUG\OBJ\CUSTOMGUI_LISTVIEW2.OBJ
C:\PROGRAM FILES\MAXON\CINEMA 4D R13\PLUGINS\DATAEXPLORER\OBJ\_API\WIN32_DEBUG\OBJ\CUSTOMGUI_MATASSIGN.OBJ
C:\PROGRAM FILES\MAXON\CINEMA 4D R13\PLUGINS\DATAEXPLORER\OBJ\_API\WIN32_DEBUG\OBJ\CUSTOMGUI_MATPREVIEW.OBJ
C:\PROGRAM FILES\MAXON\CINEMA 4D R13\PLUGINS\DATAEXPLORER\OBJ\_API\WIN32_DEBUG\OBJ\CUSTOMGUI_MOVIEVIEW.OBJ
C:\PROGRAM FILES\MAXON\CINEMA 4D R13\PLUGINS\DATAEXPLORER\OBJ\_API\WIN32_DEBUG\OBJ\CUSTOMGUI_PLA.OBJ
C:\PROGRAM FILES\MAXON\CINEMA 4D R13\PLUGINS\DATAEXPLORER\OBJ\_API\WIN32_DEBUG\OBJ\CUSTOMGUI_PRIORITY.OBJ
C:\PROGRAM FILES\MAXON\CINEMA 4D R13\PLUGINS\DATAEXPLORER\OBJ\_API\WIN32_DEBUG\OBJ\CUSTOMGUI_QUICKTAB.OBJ
C:\PROGRAM FILES\MAXON\CINEMA 4D R13\PLUGINS\DATAEXPLORER\OBJ\_API\WIN32_DEBUG\OBJ\CUSTOMGUI_SPLINECONTROL.OBJ
C:\PROGRAM FILES\MAXON\CINEMA 4D R13\PLUGINS\DATAEXPLORER\OBJ\_API\WIN32_DEBUG\OBJ\CUSTOMGUI_TEXBOX.OBJ
C:\PROGRAM FILES\MAXON\CINEMA 4D R13\PLUGINS\DATAEXPLORER\OBJ\_API\WIN32_DEBUG\OBJ\CUSTOMGUI_TEXTUREMANAGER.OBJ
C:\PROGRAM FILES\MAXON\CINEMA 4D R13\PLUGINS\DATAEXPLORER\OBJ\_API\WIN32_DEBUG\OBJ\CUSTOMGUI_UNITSCALE.OBJ
C:\PROGRAM FILES\MAXON\CINEMA 4D R13\PLUGINS\DATAEXPLORER\OBJ\_API\WIN32_DEBUG\OBJ\FILTER_PREFS.OBJ
C:\PROGRAM FILES\MAXON\CINEMA 4D R13\PLUGINS\DATAEXPLORER\OBJ\_API\WIN32_DEBUG\OBJ\FILTERPREVIEW.OBJ
C:\PROGRAM FILES\MAXON\CINEMA 4D R13\PLUGINS\DATAEXPLORER\OBJ\_API\WIN32_DEBUG\OBJ\FILTERTHREAD.OBJ
C:\PROGRAM FILES\MAXON\CINEMA 4D R13\PLUGINS\DATAEXPLORER\OBJ\_API\WIN32_DEBUG\OBJ\GE_IEEE.OBJ
C:\PROGRAM FILES\MAXON\CINEMA 4D R13\PLUGINS\DATAEXPLORER\OBJ\_API\WIN32_DEBUG\OBJ\GE_MTOOLS.OBJ
C:\PROGRAM FILES\MAXON\CINEMA 4D R13\PLUGINS\DATAEXPLORER\OBJ\_API\WIN32_DEBUG\OBJ\GE_SORT.OBJ
C:\PROGRAM FILES\MAXON\CINEMA 4D R13\PLUGINS\DATAEXPLORER\OBJ\_API\WIN32_DEBUG\OBJ\LIB_ACTIVEOBJECTMANAGER.OBJ
C:\PROGRAM FILES\MAXON\CINEMA 4D R13\PLUGINS\DATAEXPLORER\OBJ\_API\WIN32_DEBUG\OBJ\LIB_AES.OBJ
C:\PROGRAM FILES\MAXON\CINEMA 4D R13\PLUGINS\DATAEXPLORER\OBJ\_API\WIN32_DEBUG\OBJ\LIB_BATCHRENDER.OBJ
C:\PROGRAM FILES\MAXON\CINEMA 4D R13\PLUGINS\DATAEXPLORER\OBJ\_API\WIN32_DEBUG\OBJ\LIB_BROWSER.OBJ
C:\PROGRAM FILES\MAXON\CINEMA 4D R13\PLUGINS\DATAEXPLORER\OBJ\_API\WIN32_DEBUG\OBJ\LIB_CA.OBJ
C:\PROGRAM FILES\MAXON\CINEMA 4D R13\PLUGINS\DATAEXPLORER\OBJ\_API\WIN32_DEBUG\OBJ\LIB_CLIPMAP.OBJ
C:\PROGRAM FILES\MAXON\CINEMA 4D R13\PLUGINS\DATAEXPLORER\OBJ\_API\WIN32_DEBUG\OBJ\LIB_CLOUD.OBJ
C:\PROGRAM FILES\MAXON\CINEMA 4D R13\PLUGINS\DATAEXPLORER\OBJ\_API\WIN32_DEBUG\OBJ\LIB_COLLIDER.OBJ
C:\PROGRAM FILES\MAXON\CINEMA 4D R13\PLUGINS\DATAEXPLORER\OBJ\_API\WIN32_DEBUG\OBJ\LIB_DATETIMEPARSER.OBJ
C:\PROGRAM FILES\MAXON\CINEMA 4D R13\PLUGINS\DATAEXPLORER\OBJ\_API\WIN32_DEBUG\OBJ\LIB_DESCRIPTION.OBJ
C:\PROGRAM FILES\MAXON\CINEMA 4D R13\PLUGINS\DATAEXPLORER\OBJ\_API\WIN32_DEBUG\OBJ\LIB_DWGOBJECTS.OBJ
C:\PROGRAM FILES\MAXON\CINEMA 4D R13\PLUGINS\DATAEXPLORER\OBJ\_API\WIN32_DEBUG\OBJ\LIB_EDITORTOOLS.OBJ
C:\PROGRAM FILES\MAXON\CINEMA 4D R13\PLUGINS\DATAEXPLORER\OBJ\_API\WIN32_DEBUG\OBJ\LIB_FILTERTREE.OBJ
C:\PROGRAM FILES\MAXON\CINEMA 4D R13\PLUGINS\DATAEXPLORER\OBJ\_API\WIN32_DEBUG\OBJ\LIB_HAIR.OBJ
C:\PROGRAM FILES\MAXON\CINEMA 4D R13\PLUGINS\DATAEXPLORER\OBJ\_API\WIN32_DEBUG\OBJ\LIB_ICONCOLLECTION.OBJ
C:\PROGRAM FILES\MAXON\CINEMA 4D R13\PLUGINS\DATAEXPLORER\OBJ\_API\WIN32_DEBUG\OBJ\LIB_LAYERSHADER.OBJ
C:\PROGRAM FILES\MAXON\CINEMA 4D R13\PLUGINS\DATAEXPLORER\OBJ\_API\WIN32_DEBUG\OBJ\LIB_MODELING.OBJ
C:\PROGRAM FILES\MAXON\CINEMA 4D R13\PLUGINS\DATAEXPLORER\OBJ\_API\WIN32_DEBUG\OBJ\LIB_NGON.OBJ
C:\PROGRAM FILES\MAXON\CINEMA 4D R13\PLUGINS\DATAEXPLORER\OBJ\_API\WIN32_DEBUG\OBJ\LIB_NOISE.OBJ
C:\PROGRAM FILES\MAXON\CINEMA 4D R13\PLUGINS\DATAEXPLORER\OBJ\_API\WIN32_DEBUG\OBJ\LIB_PICTUREVIEWER.OBJ
C:\PROGRAM FILES\MAXON\CINEMA 4D R13\PLUGINS\DATAEXPLORER\OBJ\_API\WIN32_DEBUG\OBJ\LIB_PREFS.OBJ
C:\PROGRAM FILES\MAXON\CINEMA 4D R13\PLUGINS\DATAEXPLORER\OBJ\_API\WIN32_DEBUG\OBJ\LIB_PY.OBJ
C:\PROGRAM FILES\MAXON\CINEMA 4D R13\PLUGINS\DATAEXPLORER\OBJ\_API\WIN32_DEBUG\OBJ\LIB_REGEXPR.OBJ
C:\PROGRAM FILES\MAXON\CINEMA 4D R13\PLUGINS\DATAEXPLORER\OBJ\_API\WIN32_DEBUG\OBJ\LIB_SDS.OBJ
C:\PROGRAM FILES\MAXON\CINEMA 4D R13\PLUGINS\DATAEXPLORER\OBJ\_API\WIN32_DEBUG\OBJ\LIB_SELECTIONCHANGER.OBJ
C:\PROGRAM FILES\MAXON\CINEMA 4D R13\PLUGINS\DATAEXPLORER\OBJ\_API\WIN32_DEBUG\OBJ\LIB_SN.OBJ
C:\PROGRAM FILES\MAXON\CINEMA 4D R13\PLUGINS\DATAEXPLORER\OBJ\_API\WIN32_DEBUG\OBJ\LIB_SNAPPING.OBJ
C:\PROGRAM FILES\MAXON\CINEMA 4D R13\PLUGINS\DATAEXPLORER\OBJ\_API\WIN32_DEBUG\OBJ\LIB_SND.OBJ
C:\PROGRAM FILES\MAXON\CINEMA 4D R13\PLUGINS\DATAEXPLORER\OBJ\_API\WIN32_DEBUG\OBJ\LIB_SPLINEHELP.OBJ
C:\PROGRAM FILES\MAXON\CINEMA 4D R13\PLUGINS\DATAEXPLORER\OBJ\_API\WIN32_DEBUG\OBJ\LIB_TLMARKER.OBJ
C:\PROGRAM FILES\MAXON\CINEMA 4D R13\PLUGINS\DATAEXPLORER\OBJ\_API\WIN32_DEBUG\OBJ\LIB_VIEWPORT.OBJ
C:\PROGRAM FILES\MAXON\CINEMA 4D R13\PLUGINS\DATAEXPLORER\OBJ\_API\WIN32_DEBUG\OBJ\LIB_ZIPFILE.OBJ
C:\PROGRAM FILES\MAXON\CINEMA 4D R13\PLUGINS\DATAEXPLORER\OBJ\_API\WIN32_DEBUG\OBJ\LINEFETCHUTIL.OBJ
C:\PROGRAM FILES\MAXON\CINEMA 4D R13\PLUGINS\DATAEXPLORER\OBJ\_API\WIN32_DEBUG\OBJ\MATRIXROTATE.OBJ
C:\PROGRAM FILES\MAXON\CINEMA 4D R13\PLUGINS\DATAEXPLORER\OBJ\_API\WIN32_DEBUG\OBJ\MATRIXUTIL.OBJ
C:\PROGRAM FILES\MAXON\CINEMA 4D R13\PLUGINS\DATAEXPLORER\OBJ\_API\WIN32_DEBUG\OBJ\MATRIXWRAPPER.OBJ
C:\PROGRAM FILES\MAXON\CINEMA 4D R13\PLUGINS\DATAEXPLORER\OBJ\_API\WIN32_DEBUG\OBJ\MERGELIN.OBJ
C:\PROGRAM FILES\MAXON\CINEMA 4D R13\PLUGINS\DATAEXPLORER\OBJ\_API\WIN32_DEBUG\OBJ\MINIBLT.OBJ
C:\PROGRAM FILES\MAXON\CINEMA 4D R13\PLUGINS\DATAEXPLORER\OBJ\_API\WIN32_DEBUG\OBJ\OPERATINGSYSTEM.OBJ
C:\PROGRAM FILES\MAXON\CINEMA 4D R13\PLUGINS\DATAEXPLORER\OBJ\_API\WIN32_DEBUG\OBJ\PIXELFETCHUTIL.OBJ
C:\PROGRAM FILES\MAXON\CINEMA 4D R13\PLUGINS\DATAEXPLORER\OBJ\_API\WIN32_DEBUG\OBJ\SCALE.OBJ
C:\PROGRAM FILES\MAXON\CINEMA 4D R13\PLUGINS\DATAEXPLORER\OBJ\_API\WIN32_DEBUG\OBJ\SCALEITF.OBJ
C:\PROGRAM FILES\MAXON\CINEMA 4D R13\PLUGINS\DATAEXPLORER\OBJ\_API\WIN32_DEBUG\OBJ\SCALELIN.OBJ
C:\Program Files\MAXON\CINEMA 4D R13\plugins\dataexplorer\obj\_api\Win32_Debug\vc100.idb
C:\PROGRAM FILES\MAXON\CINEMA 4D R13\PLUGINS\DATAEXPLORER\OBJ\_API\WIN32_DEBUG\VC100.PDB
C:\PROGRAM FILES\MAXON\CINEMA 4D R13\RESOURCE\_API_LIB\_API_WIN32_DEBUG.LIB
